[debug] [2021-12-10T18:14:16.148Z] ----------------------------------------------------------------------
[debug] [2021-12-10T18:14:16.151Z] Command:       D:\nodejs\node.exe C:\Users\Tre\AppData\Roaming\npm\node_modules\firebase-tools\lib\bin\firebase.js init
[debug] [2021-12-10T18:14:16.151Z] CLI Version:   9.23.1
[debug] [2021-12-10T18:14:16.152Z] Platform:      win32
[debug] [2021-12-10T18:14:16.152Z] Node Version:  v10.16.0
[debug] [2021-12-10T18:14:16.153Z] Time:          Fri Dec 10 2021 12:14:16 GMT-0600 (Central Standard Time)
[debug] [2021-12-10T18:14:16.153Z] ----------------------------------------------------------------------
[debug] 
[debug] [2021-12-10T18:14:16.156Z] >>> [apiv2][query] GET https://firebase-public.firebaseio.com/cli.json [none]
[debug] [2021-12-10T18:14:16.184Z] > command requires scopes: ["email","openid","https://www.googleapis.com/auth/cloudplatformprojects.readonly","https://www.googleapis.com/auth/firebase","https://www.googleapis.com/auth/cloud-platform"]
[debug] [2021-12-10T18:14:16.184Z] > authorizing via signed-in user (tre122524@gmail.com)
[info] 
     ######## #### ########  ######## ########     ###     ######  ########
     ##        ##  ##     ## ##       ##     ##  ##   ##  ##       ##
     ######    ##  ########  ######   ########  #########  ######  ######
     ##        ##  ##    ##  ##       ##     ## ##     ##       ## ##
     ##       #### ##     ## ######## ########  ##     ##  ######  ########

You're about to initialize a Firebase project in this directory:

  C:\Users\Tre\Desktop\animecharacters

[debug] [2021-12-10T18:14:16.855Z] <<< [apiv2][status] GET https://firebase-public.firebaseio.com/cli.json 200
[debug] [2021-12-10T18:14:16.855Z] <<< [apiv2][body] GET https://firebase-public.firebaseio.com/cli.json {"cloudBuildErrorAfter":1594252800000,"cloudBuildWarnAfter":1590019200000,"defaultNode10After":1594252800000,"minVersion":"3.0.5","node8DeploysDisabledAfter":1613390400000,"node8RuntimeDisabledAfter":1615809600000,"node8WarnAfter":1600128000000}
